Building DAG of jobs...
Using shell: /usr/bin/bash
Provided cores: 4
Rules claiming more threads will be scaled down.
Job counts:
	count	jobs
	1	all
	2	scatter
	3

[Tue Sep 28 15:30:06 2021]
rule scatter:
    output: /home/abd/Desktop/Work/Snakemake/bsm-search-snakemake/data/bsm-search/mc1_jobs.json
    jobid: 1
    wildcards: base_dir=/home/abd/Desktop/Work/Snakemake/bsm-search-snakemake/data/bsm-search, option=mc1

[Tue Sep 28 15:30:06 2021]
rule scatter:
    output: /home/abd/Desktop/Work/Snakemake/bsm-search-snakemake/data/bsm-search/mc2_jobs.json
    jobid: 2
    wildcards: base_dir=/home/abd/Desktop/Work/Snakemake/bsm-search-snakemake/data/bsm-search, option=mc2

[Tue Sep 28 15:30:06 2021]
Finished job 1.
1 of 3 steps (33%) done
[Tue Sep 28 15:30:06 2021]
Finished job 2.
2 of 3 steps (67%) done

[Tue Sep 28 15:30:06 2021]
localrule all:
    input: /home/abd/Desktop/Work/Snakemake/bsm-search-snakemake/data/bsm-search/mc1_jobs.json, /home/abd/Desktop/Work/Snakemake/bsm-search-snakemake/data/bsm-search/mc2_jobs.json
    jobid: 0

[Tue Sep 28 15:30:06 2021]
Finished job 0.
3 of 3 steps (100%) done
Complete log: /home/abd/Desktop/Work/Snakemake/bsm-search-snakemake/.snakemake/log/2021-09-28T153006.567616.snakemake.log
