Building DAG of jobs...
Using shell: /usr/bin/bash
Provided cores: 4
Rules claiming more threads will be scaled down.
Job counts:
	count	jobs
	1	all
	8	generate
	2	merge_root
	2	scatter
	6	select
	19

[Thu Sep 30 13:37:36 2021]
rule scatter:
    output: /home/abd/Desktop/Work/Snakemake/bsm-search-snakemake/data/bsm-search/mc2_jobs.json
    jobid: 2
    wildcards: base_dir=/home/abd/Desktop/Work/Snakemake/bsm-search-snakemake/data/bsm-search, option=mc2

[Thu Sep 30 13:37:36 2021]
rule scatter:
    output: /home/abd/Desktop/Work/Snakemake/bsm-search-snakemake/data/bsm-search/mc1_jobs.json
    jobid: 1
    wildcards: base_dir=/home/abd/Desktop/Work/Snakemake/bsm-search-snakemake/data/bsm-search, option=mc1

[Thu Sep 30 13:37:36 2021]
Finished job 2.
1 of 19 steps (5%) done

[Thu Sep 30 13:37:36 2021]
rule generate:
    input: /home/abd/Desktop/Work/Snakemake/bsm-search-snakemake/data/bsm-search/mc2_jobs.json
    output: /home/abd/Desktop/Work/Snakemake/bsm-search-snakemake/data/bsm-search/mc2_4.root
    jobid: 10
    wildcards: base_dir=/home/abd/Desktop/Work/Snakemake/bsm-search-snakemake/data/bsm-search, option=mc2, jobnumber=4


[Thu Sep 30 13:37:36 2021]
rule generate:
    input: /home/abd/Desktop/Work/Snakemake/bsm-search-snakemake/data/bsm-search/mc2_jobs.json
    output: /home/abd/Desktop/Work/Snakemake/bsm-search-snakemake/data/bsm-search/mc2_3.root
    jobid: 9
    wildcards: base_dir=/home/abd/Desktop/Work/Snakemake/bsm-search-snakemake/data/bsm-search, option=mc2, jobnumber=3

[Thu Sep 30 13:37:36 2021]
Finished job 1.
2 of 19 steps (11%) done

[Thu Sep 30 13:37:36 2021]
rule generate:
    input: /home/abd/Desktop/Work/Snakemake/bsm-search-snakemake/data/bsm-search/mc2_jobs.json
    output: /home/abd/Desktop/Work/Snakemake/bsm-search-snakemake/data/bsm-search/mc2_1.root
    jobid: 7
    wildcards: base_dir=/home/abd/Desktop/Work/Snakemake/bsm-search-snakemake/data/bsm-search, option=mc2, jobnumber=1


[Thu Sep 30 13:37:36 2021]
rule generate:
    input: /home/abd/Desktop/Work/Snakemake/bsm-search-snakemake/data/bsm-search/mc1_jobs.json
    output: /home/abd/Desktop/Work/Snakemake/bsm-search-snakemake/data/bsm-search/mc1_2.root
    jobid: 4
    wildcards: base_dir=/home/abd/Desktop/Work/Snakemake/bsm-search-snakemake/data/bsm-search, option=mc1, jobnumber=2

[Thu Sep 30 13:37:38 2021]
Finished job 9.
3 of 19 steps (16%) done

[Thu Sep 30 13:37:38 2021]
rule generate:
    input: /home/abd/Desktop/Work/Snakemake/bsm-search-snakemake/data/bsm-search/mc2_jobs.json
    output: /home/abd/Desktop/Work/Snakemake/bsm-search-snakemake/data/bsm-search/mc2_2.root
    jobid: 8
    wildcards: base_dir=/home/abd/Desktop/Work/Snakemake/bsm-search-snakemake/data/bsm-search, option=mc2, jobnumber=2

[Thu Sep 30 13:37:38 2021]
Finished job 10.
4 of 19 steps (21%) done

[Thu Sep 30 13:37:38 2021]
rule generate:
    input: /home/abd/Desktop/Work/Snakemake/bsm-search-snakemake/data/bsm-search/mc1_jobs.json
    output: /home/abd/Desktop/Work/Snakemake/bsm-search-snakemake/data/bsm-search/mc1_4.root
    jobid: 6
    wildcards: base_dir=/home/abd/Desktop/Work/Snakemake/bsm-search-snakemake/data/bsm-search, option=mc1, jobnumber=4

[Thu Sep 30 13:37:38 2021]
Finished job 4.
5 of 19 steps (26%) done

[Thu Sep 30 13:37:38 2021]
rule generate:
    input: /home/abd/Desktop/Work/Snakemake/bsm-search-snakemake/data/bsm-search/mc1_jobs.json
    output: /home/abd/Desktop/Work/Snakemake/bsm-search-snakemake/data/bsm-search/mc1_1.root
    jobid: 3
    wildcards: base_dir=/home/abd/Desktop/Work/Snakemake/bsm-search-snakemake/data/bsm-search, option=mc1, jobnumber=1

[Thu Sep 30 13:37:38 2021]
Finished job 7.
6 of 19 steps (32%) done

[Thu Sep 30 13:37:38 2021]
rule generate:
    input: /home/abd/Desktop/Work/Snakemake/bsm-search-snakemake/data/bsm-search/mc1_jobs.json
    output: /home/abd/Desktop/Work/Snakemake/bsm-search-snakemake/data/bsm-search/mc1_3.root
    jobid: 5
    wildcards: base_dir=/home/abd/Desktop/Work/Snakemake/bsm-search-snakemake/data/bsm-search, option=mc1, jobnumber=3

[Thu Sep 30 13:37:41 2021]
Finished job 3.
7 of 19 steps (37%) done
[Thu Sep 30 13:37:41 2021]
Finished job 8.
8 of 19 steps (42%) done

[Thu Sep 30 13:37:41 2021]
rule merge_root:
    input: /home/abd/Desktop/Work/Snakemake/bsm-search-snakemake/data/bsm-search/mc2_1.root, /home/abd/Desktop/Work/Snakemake/bsm-search-snakemake/data/bsm-search/mc2_2.root, /home/abd/Desktop/Work/Snakemake/bsm-search-snakemake/data/bsm-search/mc2_3.root, /home/abd/Desktop/Work/Snakemake/bsm-search-snakemake/data/bsm-search/mc2_4.root
    output: /home/abd/Desktop/Work/Snakemake/bsm-search-snakemake/data/bsm-search/mc2.root
    jobid: 12
    wildcards: base_dir=/home/abd/Desktop/Work/Snakemake/bsm-search-snakemake/data/bsm-search, option=mc2

[Thu Sep 30 13:37:41 2021]
Finished job 6.
9 of 19 steps (47%) done
[Thu Sep 30 13:37:41 2021]
Finished job 5.
10 of 19 steps (53%) done

[Thu Sep 30 13:37:41 2021]
rule merge_root:
    input: /home/abd/Desktop/Work/Snakemake/bsm-search-snakemake/data/bsm-search/mc1_1.root, /home/abd/Desktop/Work/Snakemake/bsm-search-snakemake/data/bsm-search/mc1_2.root, /home/abd/Desktop/Work/Snakemake/bsm-search-snakemake/data/bsm-search/mc1_3.root, /home/abd/Desktop/Work/Snakemake/bsm-search-snakemake/data/bsm-search/mc1_4.root
    output: /home/abd/Desktop/Work/Snakemake/bsm-search-snakemake/data/bsm-search/mc1.root
    jobid: 11
    wildcards: base_dir=/home/abd/Desktop/Work/Snakemake/bsm-search-snakemake/data/bsm-search, option=mc1

[Thu Sep 30 13:37:41 2021]
Finished job 12.
11 of 19 steps (58%) done

[Thu Sep 30 13:37:41 2021]
rule select:
    input: /home/abd/Desktop/Work/Snakemake/bsm-search-snakemake/data/bsm-search/mc2.root
    output: /home/abd/Desktop/Work/Snakemake/bsm-search-snakemake/data/bsm-search/mc2_shape_conv_up.root
    jobid: 16
    wildcards: base_dir=/home/abd/Desktop/Work/Snakemake/bsm-search-snakemake/data/bsm-search, option=mc2, suffix=shape_conv_up

InputFunctionException in line 163 of /home/abd/Desktop/Work/Snakemake/bsm-search-snakemake/Snakefile:
KeyError: 'mc2'
Wildcards:
base_dir=/home/abd/Desktop/Work/Snakemake/bsm-search-snakemake/data/bsm-search
option=mc2
suffix=shape_conv_up
