Building DAG of jobs...
Using shell: /usr/bin/bash
Provided cores: 4
Rules claiming more threads will be scaled down.
Job counts:
	count	jobs
	1	all
	6	select
	7

[Thu Sep 30 13:49:48 2021]
rule select:
    input: /home/abd/Desktop/Work/Snakemake/bsm-search-snakemake/data/bsm-search/mc1.root
    output: /home/abd/Desktop/Work/Snakemake/bsm-search-snakemake/data/bsm-search/mc1_shape_conv_dn.root
    jobid: 14
    wildcards: base_dir=/home/abd/Desktop/Work/Snakemake/bsm-search-snakemake/data/bsm-search, option=mc1, suffix=shape_conv_dn


[Thu Sep 30 13:49:48 2021]
rule select:
    input: /home/abd/Desktop/Work/Snakemake/bsm-search-snakemake/data/bsm-search/mc2.root
    output: /home/abd/Desktop/Work/Snakemake/bsm-search-snakemake/data/bsm-search/mc2_shape_conv_up.root
    jobid: 16
    wildcards: base_dir=/home/abd/Desktop/Work/Snakemake/bsm-search-snakemake/data/bsm-search, option=mc2, suffix=shape_conv_up


[Thu Sep 30 13:49:48 2021]
rule select:
    input: /home/abd/Desktop/Work/Snakemake/bsm-search-snakemake/data/bsm-search/mc2.root
    output: /home/abd/Desktop/Work/Snakemake/bsm-search-snakemake/data/bsm-search/mc2_nominal.root
    jobid: 18
    wildcards: base_dir=/home/abd/Desktop/Work/Snakemake/bsm-search-snakemake/data/bsm-search, option=mc2, suffix=nominal


[Thu Sep 30 13:49:48 2021]
rule select:
    input: /home/abd/Desktop/Work/Snakemake/bsm-search-snakemake/data/bsm-search/mc2.root
    output: /home/abd/Desktop/Work/Snakemake/bsm-search-snakemake/data/bsm-search/mc2_shape_conv_dn.root
    jobid: 17
    wildcards: base_dir=/home/abd/Desktop/Work/Snakemake/bsm-search-snakemake/data/bsm-search, option=mc2, suffix=shape_conv_dn

[Thu Sep 30 13:49:48 2021]
Error in rule select:
    jobid: 14
    output: /home/abd/Desktop/Work/Snakemake/bsm-search-snakemake/data/bsm-search/mc1_shape_conv_dn.root
    shell:
        
        
        set -x
        source /home/abd/root/root/bin/thisroot.sh        
        python /home/abd/Desktop/Work/Snakemake/bsm-search-snakemake/code/select.py /home/abd/Desktop/Work/Snakemake/bsm-search-snakemake/data/bsm-search/mc1.root /home/abd/Desktop/Work/Snakemake/bsm-search-snakemake/data/bsm-search/mc1_shape_conv_dn.root signal shape_conv_dn
        
        
        (one of the commands exited with non-zero exit code; note that snakemake uses bash strict mode!)

[Thu Sep 30 13:49:48 2021]
Error in rule select:
    jobid: 16
    output: /home/abd/Desktop/Work/Snakemake/bsm-search-snakemake/data/bsm-search/mc2_shape_conv_up.root
    shell:
        
        
        set -x
        source /home/abd/root/root/bin/thisroot.sh        
        python /home/abd/Desktop/Work/Snakemake/bsm-search-snakemake/code/select.py /home/abd/Desktop/Work/Snakemake/bsm-search-snakemake/data/bsm-search/mc2.root /home/abd/Desktop/Work/Snakemake/bsm-search-snakemake/data/bsm-search/mc2_shape_conv_up.root signal shape_conv_up
        
        
        (one of the commands exited with non-zero exit code; note that snakemake uses bash strict mode!)

[Thu Sep 30 13:49:48 2021]
Error in rule select:
    jobid: 17
    output: /home/abd/Desktop/Work/Snakemake/bsm-search-snakemake/data/bsm-search/mc2_shape_conv_dn.root
    shell:
        
        
        set -x
        source /home/abd/root/root/bin/thisroot.sh        
        python /home/abd/Desktop/Work/Snakemake/bsm-search-snakemake/code/select.py /home/abd/Desktop/Work/Snakemake/bsm-search-snakemake/data/bsm-search/mc2.root /home/abd/Desktop/Work/Snakemake/bsm-search-snakemake/data/bsm-search/mc2_shape_conv_dn.root signal shape_conv_dn
        
        
        (one of the commands exited with non-zero exit code; note that snakemake uses bash strict mode!)

[Thu Sep 30 13:49:48 2021]
Error in rule select:
    jobid: 18
    output: /home/abd/Desktop/Work/Snakemake/bsm-search-snakemake/data/bsm-search/mc2_nominal.root
    shell:
        
        
        set -x
        source /home/abd/root/root/bin/thisroot.sh        
        python /home/abd/Desktop/Work/Snakemake/bsm-search-snakemake/code/select.py /home/abd/Desktop/Work/Snakemake/bsm-search-snakemake/data/bsm-search/mc2.root /home/abd/Desktop/Work/Snakemake/bsm-search-snakemake/data/bsm-search/mc2_nominal.root signal nominal,weight_var1_up,weight_var1_dn
        
        
        (one of the commands exited with non-zero exit code; note that snakemake uses bash strict mode!)

Shutting down, this might take some time.
Exiting because a job execution failed. Look above for error message
Complete log: /home/abd/Desktop/Work/Snakemake/bsm-search-snakemake/.snakemake/log/2021-09-30T134947.965558.snakemake.log
