Building DAG of jobs...
Using shell: /usr/bin/bash
Provided cores: 4
Rules claiming more threads will be scaled down.
Job counts:
	count	jobs
	1	all
	4	generate
	1	scatter
	6

[Wed Sep 29 07:39:41 2021]
rule scatter:
    output: /home/abd/Desktop/Work/Snakemake/bsm-search-snakemake/data/bsm-search/mc1_jobs.json
    jobid: 1
    wildcards: base_dir=/home/abd/Desktop/Work/Snakemake/bsm-search-snakemake/data/bsm-search, option=mc1

[Wed Sep 29 07:39:41 2021]
Finished job 1.
1 of 6 steps (17%) done

[Wed Sep 29 07:39:41 2021]
rule generate:
    input: /home/abd/Desktop/Work/Snakemake/bsm-search-snakemake/data/bsm-search/mc1_jobs.json
    output: /home/abd/Desktop/Work/Snakemake/bsm-search-snakemake/data/bsm-search/mc1_2.root
    jobid: 3
    wildcards: base_dir=/home/abd/Desktop/Work/Snakemake/bsm-search-snakemake/data/bsm-search, option=mc1, jobnumber=2


[Wed Sep 29 07:39:41 2021]
rule generate:
    input: /home/abd/Desktop/Work/Snakemake/bsm-search-snakemake/data/bsm-search/mc1_jobs.json
    output: /home/abd/Desktop/Work/Snakemake/bsm-search-snakemake/data/bsm-search/mc1_1.root
    jobid: 2
    wildcards: base_dir=/home/abd/Desktop/Work/Snakemake/bsm-search-snakemake/data/bsm-search, option=mc1, jobnumber=1


[Wed Sep 29 07:39:41 2021]
rule generate:
    input: /home/abd/Desktop/Work/Snakemake/bsm-search-snakemake/data/bsm-search/mc1_jobs.json
    output: /home/abd/Desktop/Work/Snakemake/bsm-search-snakemake/data/bsm-search/mc1_4.root
    jobid: 5
    wildcards: base_dir=/home/abd/Desktop/Work/Snakemake/bsm-search-snakemake/data/bsm-search, option=mc1, jobnumber=4


[Wed Sep 29 07:39:41 2021]
rule generate:
    input: /home/abd/Desktop/Work/Snakemake/bsm-search-snakemake/data/bsm-search/mc1_jobs.json
    output: /home/abd/Desktop/Work/Snakemake/bsm-search-snakemake/data/bsm-search/mc1_3.root
    jobid: 4
    wildcards: base_dir=/home/abd/Desktop/Work/Snakemake/bsm-search-snakemake/data/bsm-search, option=mc1, jobnumber=3

[Wed Sep 29 07:39:43 2021]
Finished job 4.
2 of 6 steps (33%) done
[Wed Sep 29 07:39:43 2021]
Finished job 3.
3 of 6 steps (50%) done
[Wed Sep 29 07:39:43 2021]
Finished job 2.
4 of 6 steps (67%) done
[Wed Sep 29 07:39:44 2021]
Finished job 5.
5 of 6 steps (83%) done

[Wed Sep 29 07:39:44 2021]
localrule all:
    input: /home/abd/Desktop/Work/Snakemake/bsm-search-snakemake/data/bsm-search/mc1_jobs.json, /home/abd/Desktop/Work/Snakemake/bsm-search-snakemake/data/bsm-search/mc1_1.root, /home/abd/Desktop/Work/Snakemake/bsm-search-snakemake/data/bsm-search/mc1_2.root, /home/abd/Desktop/Work/Snakemake/bsm-search-snakemake/data/bsm-search/mc1_3.root, /home/abd/Desktop/Work/Snakemake/bsm-search-snakemake/data/bsm-search/mc1_4.root
    jobid: 0

Removing temporary output file /home/abd/Desktop/Work/Snakemake/bsm-search-snakemake/data/bsm-search/mc1_jobs.json.
Removing temporary output file /home/abd/Desktop/Work/Snakemake/bsm-search-snakemake/data/bsm-search/mc1_1.root.
Removing temporary output file /home/abd/Desktop/Work/Snakemake/bsm-search-snakemake/data/bsm-search/mc1_2.root.
Removing temporary output file /home/abd/Desktop/Work/Snakemake/bsm-search-snakemake/data/bsm-search/mc1_3.root.
Removing temporary output file /home/abd/Desktop/Work/Snakemake/bsm-search-snakemake/data/bsm-search/mc1_4.root.
[Wed Sep 29 07:39:44 2021]
Finished job 0.
6 of 6 steps (100%) done
Complete log: /home/abd/Desktop/Work/Snakemake/bsm-search-snakemake/.snakemake/log/2021-09-29T073941.514700.snakemake.log
