Building DAG of jobs...
Using shell: /usr/bin/bash
Provided cores: 4
Rules claiming more threads will be scaled down.
Job counts:
	count	jobs
	1	all
	4	generate_mc1
	1	scatter
	6

[Wed Sep 29 07:22:15 2021]
rule scatter:
    output: /home/abd/Desktop/Work/Snakemake/bsm-search-snakemake/data/bsm-search/mc1_jobs.json
    jobid: 1
    wildcards: base_dir=/home/abd/Desktop/Work/Snakemake/bsm-search-snakemake/data/bsm-search, option=mc1

[Wed Sep 29 07:22:16 2021]
Finished job 1.
1 of 6 steps (17%) done

[Wed Sep 29 07:22:16 2021]
rule generate_mc1:
    input: /home/abd/Desktop/Work/Snakemake/bsm-search-snakemake/data/bsm-search/mc1_jobs.json
    output: /home/abd/Desktop/Work/Snakemake/bsm-search-snakemake/data/bsm-search/mc1_2.json
    jobid: 4
    wildcards: base_dir=/home/abd/Desktop/Work/Snakemake/bsm-search-snakemake/data/bsm-search, option=mc1, jobnumber=2

InputFunctionException in line 56 of /home/abd/Desktop/Work/Snakemake/bsm-search-snakemake/Snakefile:
UnboundLocalError: local variable 'option' referenced before assignment
Wildcards:
base_dir=/home/abd/Desktop/Work/Snakemake/bsm-search-snakemake/data/bsm-search
option=mc1
jobnumber=2
