Building DAG of jobs...
Using shell: /usr/bin/bash
Provided cores: 4
Rules claiming more threads will be scaled down.
Job counts:
	count	jobs
	1	prepare_dir
	1

[Tue Sep 28 14:43:57 2021]
rule prepare_dir:
    output: /home/abd/Desktop/Work/Snakemake/bsm-search-snakemake/data/bsm-search
    jobid: 0

[Tue Sep 28 14:43:57 2021]
Error in rule prepare_dir:
    jobid: 0
    output: /home/abd/Desktop/Work/Snakemake/bsm-search-snakemake/data/bsm-search
    shell:
        
        set -x
        rm -rf $base_dir
        mkdir -p $base_dir
        
        (one of the commands exited with non-zero exit code; note that snakemake uses bash strict mode!)

Shutting down, this might take some time.
Exiting because a job execution failed. Look above for error message
Complete log: /home/abd/Desktop/Work/Snakemake/bsm-search-snakemake/.snakemake/log/2021-09-28T144357.252499.snakemake.log
