Building DAG of jobs...
Using shell: /usr/bin/bash
Provided cores: 4
Rules claiming more threads will be scaled down.
Job counts:
	count	jobs
	1	all
	4	hist_shape
	5

[Thu Sep 30 14:53:13 2021]
rule hist_shape:
    input: /home/abd/Desktop/Work/Snakemake/bsm-search-snakemake/data/bsm-search/mc1_shape_conv_dn.root
    output: /home/abd/Desktop/Work/Snakemake/bsm-search-snakemake/data/bsm-search/mc1_shape_conv_dn_hist.root
    jobid: 20
    wildcards: base_dir=/home/abd/Desktop/Work/Snakemake/bsm-search-snakemake/data/bsm-search, option=mc1, shapevar=shape_conv_dn


[Thu Sep 30 14:53:13 2021]
rule hist_shape:
    input: /home/abd/Desktop/Work/Snakemake/bsm-search-snakemake/data/bsm-search/mc2_shape_conv_up.root
    output: /home/abd/Desktop/Work/Snakemake/bsm-search-snakemake/data/bsm-search/mc2_shape_conv_up_hist.root
    jobid: 21
    wildcards: base_dir=/home/abd/Desktop/Work/Snakemake/bsm-search-snakemake/data/bsm-search, option=mc2, shapevar=shape_conv_up


[Thu Sep 30 14:53:13 2021]
rule hist_shape:
    input: /home/abd/Desktop/Work/Snakemake/bsm-search-snakemake/data/bsm-search/mc2_shape_conv_dn.root
    output: /home/abd/Desktop/Work/Snakemake/bsm-search-snakemake/data/bsm-search/mc2_shape_conv_dn_hist.root
    jobid: 22
    wildcards: base_dir=/home/abd/Desktop/Work/Snakemake/bsm-search-snakemake/data/bsm-search, option=mc2, shapevar=shape_conv_dn


[Thu Sep 30 14:53:13 2021]
rule hist_shape:
    input: /home/abd/Desktop/Work/Snakemake/bsm-search-snakemake/data/bsm-search/mc1_shape_conv_up.root
    output: /home/abd/Desktop/Work/Snakemake/bsm-search-snakemake/data/bsm-search/mc1_shape_conv_up_hist.root
    jobid: 19
    wildcards: base_dir=/home/abd/Desktop/Work/Snakemake/bsm-search-snakemake/data/bsm-search, option=mc1, shapevar=shape_conv_up

[Thu Sep 30 14:53:17 2021]
Finished job 19.
1 of 5 steps (20%) done
[Thu Sep 30 14:53:17 2021]
Finished job 20.
2 of 5 steps (40%) done
[Thu Sep 30 14:53:17 2021]
Finished job 21.
3 of 5 steps (60%) done
[Thu Sep 30 14:53:17 2021]
Finished job 22.
4 of 5 steps (80%) done

[Thu Sep 30 14:53:17 2021]
localrule all:
    input: /home/abd/Desktop/Work/Snakemake/bsm-search-snakemake/data/bsm-search/mc1_jobs.json, /home/abd/Desktop/Work/Snakemake/bsm-search-snakemake/data/bsm-search/mc2_jobs.json, /home/abd/Desktop/Work/Snakemake/bsm-search-snakemake/data/bsm-search/mc1_1.root, /home/abd/Desktop/Work/Snakemake/bsm-search-snakemake/data/bsm-search/mc1_2.root, /home/abd/Desktop/Work/Snakemake/bsm-search-snakemake/data/bsm-search/mc1_3.root, /home/abd/Desktop/Work/Snakemake/bsm-search-snakemake/data/bsm-search/mc1_4.root, /home/abd/Desktop/Work/Snakemake/bsm-search-snakemake/data/bsm-search/mc2_1.root, /home/abd/Desktop/Work/Snakemake/bsm-search-snakemake/data/bsm-search/mc2_2.root, /home/abd/Desktop/Work/Snakemake/bsm-search-snakemake/data/bsm-search/mc2_3.root, /home/abd/Desktop/Work/Snakemake/bsm-search-snakemake/data/bsm-search/mc2_4.root, /home/abd/Desktop/Work/Snakemake/bsm-search-snakemake/data/bsm-search/mc1.root, /home/abd/Desktop/Work/Snakemake/bsm-search-snakemake/data/bsm-search/mc2.root, /home/abd/Desktop/Work/Snakemake/bsm-search-snakemake/data/bsm-search/mc1_shape_conv_up.root, /home/abd/Desktop/Work/Snakemake/bsm-search-snakemake/data/bsm-search/mc1_shape_conv_dn.root, /home/abd/Desktop/Work/Snakemake/bsm-search-snakemake/data/bsm-search/mc1_nominal.root, /home/abd/Desktop/Work/Snakemake/bsm-search-snakemake/data/bsm-search/mc2_shape_conv_up.root, /home/abd/Desktop/Work/Snakemake/bsm-search-snakemake/data/bsm-search/mc2_shape_conv_dn.root, /home/abd/Desktop/Work/Snakemake/bsm-search-snakemake/data/bsm-search/mc2_nominal.root, /home/abd/Desktop/Work/Snakemake/bsm-search-snakemake/data/bsm-search/mc1_shape_conv_up_hist.root, /home/abd/Desktop/Work/Snakemake/bsm-search-snakemake/data/bsm-search/mc1_shape_conv_dn_hist.root, /home/abd/Desktop/Work/Snakemake/bsm-search-snakemake/data/bsm-search/mc2_shape_conv_up_hist.root, /home/abd/Desktop/Work/Snakemake/bsm-search-snakemake/data/bsm-search/mc2_shape_conv_dn_hist.root
    jobid: 0

[Thu Sep 30 14:53:17 2021]
Finished job 0.
5 of 5 steps (100%) done
Complete log: /home/abd/Desktop/Work/Snakemake/bsm-search-snakemake/.snakemake/log/2021-09-30T145313.170998.snakemake.log
