Building DAG of jobs...
Using shell: /usr/bin/bash
Provided cores: 4
Rules claiming more threads will be scaled down.
Job counts:
	count	jobs
	1	all
	4	hist_shape
	5

[Thu Sep 30 14:45:31 2021]
rule hist_shape:
    input: /home/abd/Desktop/Work/Snakemake/bsm-search-snakemake/data/bsm-search/mc2_shape_conv_dn.root
    output: /home/abd/Desktop/Work/Snakemake/bsm-search-snakemake/data/bsm-search/mc2_shape_conv_dn_hist.root
    jobid: 22
    wildcards: base_dir=/home/abd/Desktop/Work/Snakemake/bsm-search-snakemake/data/bsm-search, option=mc2, shapevar=shape_conv_dn


[Thu Sep 30 14:45:31 2021]
rule hist_shape:
    input: /home/abd/Desktop/Work/Snakemake/bsm-search-snakemake/data/bsm-search/mc1_shape_conv_dn.root
    output: /home/abd/Desktop/Work/Snakemake/bsm-search-snakemake/data/bsm-search/mc1_shape_conv_dn_hist.root
    jobid: 20
    wildcards: base_dir=/home/abd/Desktop/Work/Snakemake/bsm-search-snakemake/data/bsm-search, option=mc1, shapevar=shape_conv_dn

Waiting at most 5 seconds for missing files.

[Thu Sep 30 14:45:31 2021]
rule hist_shape:
    input: /home/abd/Desktop/Work/Snakemake/bsm-search-snakemake/data/bsm-search/mc1_shape_conv_up.root
    output: /home/abd/Desktop/Work/Snakemake/bsm-search-snakemake/data/bsm-search/mc1_shape_conv_up_hist.root
    jobid: 19
    wildcards: base_dir=/home/abd/Desktop/Work/Snakemake/bsm-search-snakemake/data/bsm-search, option=mc1, shapevar=shape_conv_up


[Thu Sep 30 14:45:31 2021]
rule hist_shape:
    input: /home/abd/Desktop/Work/Snakemake/bsm-search-snakemake/data/bsm-search/mc2_shape_conv_up.root
    output: /home/abd/Desktop/Work/Snakemake/bsm-search-snakemake/data/bsm-search/mc2_shape_conv_up_hist.root
    jobid: 21
    wildcards: base_dir=/home/abd/Desktop/Work/Snakemake/bsm-search-snakemake/data/bsm-search, option=mc2, shapevar=shape_conv_up

Terminating processes on user request, this might take some time.
Cancelling snakemake on user request.
