Building DAG of jobs...
Using shell: /usr/bin/bash
Provided cores: 4
Rules claiming more threads will be scaled down.
Job counts:
	count	jobs
	1	all
	4	generate_mc1
	4	generate_mc2
	9

[Tue Sep 28 17:46:20 2021]
rule generate_mc1:
    input: /home/abd/Desktop/Work/Snakemake/bsm-search-snakemake/data/bsm-search/mc1_jobs.json
    output: /home/abd/Desktop/Work/Snakemake/bsm-search-snakemake/data/bsm-search/mc1_3.json
    jobid: 6
    wildcards: base_dir=/home/abd/Desktop/Work/Snakemake/bsm-search-snakemake/data/bsm-search, jobnumber=3

InputFunctionException in line 55 of /home/abd/Desktop/Work/Snakemake/bsm-search-snakemake/Snakefile:
AttributeError: 'Wildcards' object has no attribute 'entry_type'
Wildcards:
base_dir=/home/abd/Desktop/Work/Snakemake/bsm-search-snakemake/data/bsm-search
jobnumber=3
