Building DAG of jobs...
Using shell: /usr/bin/bash
Provided cores: 4
Rules claiming more threads will be scaled down.
Job counts:
	count	jobs
	1	all
	2	generate
	3

[Tue Sep 28 17:10:32 2021]
rule generate:
    input: /home/abd/Desktop/Work/Snakemake/bsm-search-snakemake/data/bsm-search/mc1_jobs.json, /home/abd/Desktop/Work/Snakemake/bsm-search-snakemake/data/bsm-search/mc2_jobs.json
    output: /home/abd/Desktop/Work/Snakemake/bsm-search-snakemake/data/bsm-search/mc2_4.json
    jobid: 4
    wildcards: base_dir=/home/abd/Desktop/Work/Snakemake/bsm-search-snakemake/data/bsm-search, option=mc2, jobnumber=4


[Tue Sep 28 17:10:32 2021]
rule generate:
    input: /home/abd/Desktop/Work/Snakemake/bsm-search-snakemake/data/bsm-search/mc1_jobs.json, /home/abd/Desktop/Work/Snakemake/bsm-search-snakemake/data/bsm-search/mc2_jobs.json
    output: /home/abd/Desktop/Work/Snakemake/bsm-search-snakemake/data/bsm-search/mc1_4.json
    jobid: 3
    wildcards: base_dir=/home/abd/Desktop/Work/Snakemake/bsm-search-snakemake/data/bsm-search, option=mc1, jobnumber=4

Waiting at most 5 seconds for missing files.
MissingOutputException in line 40 of /home/abd/Desktop/Work/Snakemake/bsm-search-snakemake/Snakefile:
Missing files after 5 seconds:
/home/abd/Desktop/Work/Snakemake/bsm-search-snakemake/data/bsm-search/mc1_4.json
This might be due to filesystem latency. If that is the case, consider to increase the wait time with --latency-wait.
Waiting at most 5 seconds for missing files.
MissingOutputException in line 40 of /home/abd/Desktop/Work/Snakemake/bsm-search-snakemake/Snakefile:
Missing files after 5 seconds:
/home/abd/Desktop/Work/Snakemake/bsm-search-snakemake/data/bsm-search/mc2_4.json
This might be due to filesystem latency. If that is the case, consider to increase the wait time with --latency-wait.
Shutting down, this might take some time.
Exiting because a job execution failed. Look above for error message
Complete log: /home/abd/Desktop/Work/Snakemake/bsm-search-snakemake/.snakemake/log/2021-09-28T171032.467444.snakemake.log
