Building DAG of jobs...
Using shell: /usr/bin/bash
Provided cores: 4
Rules claiming more threads will be scaled down.
Job counts:
	count	jobs
	1	all
	4	generate
	2	scatter
	7

[Tue Sep 28 17:24:50 2021]
rule scatter:
    output: /home/abd/Desktop/Work/Snakemake/bsm-search-snakemake/data/bsm-search/mc1_jobs.json
    jobid: 1
    wildcards: base_dir=/home/abd/Desktop/Work/Snakemake/bsm-search-snakemake/data/bsm-search, option=mc1

[Tue Sep 28 17:24:50 2021]
rule scatter:
    output: /home/abd/Desktop/Work/Snakemake/bsm-search-snakemake/data/bsm-search/mc2_jobs.json
    jobid: 2
    wildcards: base_dir=/home/abd/Desktop/Work/Snakemake/bsm-search-snakemake/data/bsm-search, option=mc2

[Tue Sep 28 17:24:50 2021]
Finished job 1.
1 of 7 steps (14%) done

[Tue Sep 28 17:24:50 2021]
rule generate:
    input: /home/abd/Desktop/Work/Snakemake/bsm-search-snakemake/data/bsm-search/mc1_jobs.json
    output: /home/abd/Desktop/Work/Snakemake/bsm-search-snakemake/data/bsm-search/mc1_1.json
    jobid: 4
    wildcards: base_dir=/home/abd/Desktop/Work/Snakemake/bsm-search-snakemake/data/bsm-search, jobnumber=1


[Tue Sep 28 17:24:50 2021]
rule generate:
    input: /home/abd/Desktop/Work/Snakemake/bsm-search-snakemake/data/bsm-search/mc1_jobs.json
    output: /home/abd/Desktop/Work/Snakemake/bsm-search-snakemake/data/bsm-search/mc1_0.json
    jobid: 3
    wildcards: base_dir=/home/abd/Desktop/Work/Snakemake/bsm-search-snakemake/data/bsm-search, jobnumber=0

[Tue Sep 28 17:24:50 2021]

Finished job 2.
[Tue Sep 28 17:24:50 2021]
2 of 7 steps (29%) done
rule generate:
    input: /home/abd/Desktop/Work/Snakemake/bsm-search-snakemake/data/bsm-search/mc1_jobs.json
    output: /home/abd/Desktop/Work/Snakemake/bsm-search-snakemake/data/bsm-search/mc1_3.json
    jobid: 6
    wildcards: base_dir=/home/abd/Desktop/Work/Snakemake/bsm-search-snakemake/data/bsm-search, jobnumber=3


[Tue Sep 28 17:24:50 2021]
rule generate:
    input: /home/abd/Desktop/Work/Snakemake/bsm-search-snakemake/data/bsm-search/mc1_jobs.json
    output: /home/abd/Desktop/Work/Snakemake/bsm-search-snakemake/data/bsm-search/mc1_2.json
    jobid: 5
    wildcards: base_dir=/home/abd/Desktop/Work/Snakemake/bsm-search-snakemake/data/bsm-search, jobnumber=2

Waiting at most 5 seconds for missing files.
MissingOutputException in line 41 of /home/abd/Desktop/Work/Snakemake/bsm-search-snakemake/Snakefile:
Missing files after 5 seconds:
/home/abd/Desktop/Work/Snakemake/bsm-search-snakemake/data/bsm-search/mc1_3.json
This might be due to filesystem latency. If that is the case, consider to increase the wait time with --latency-wait.
Waiting at most 5 seconds for missing files.
MissingOutputException in line 41 of /home/abd/Desktop/Work/Snakemake/bsm-search-snakemake/Snakefile:
Missing files after 5 seconds:
/home/abd/Desktop/Work/Snakemake/bsm-search-snakemake/data/bsm-search/mc1_1.json
This might be due to filesystem latency. If that is the case, consider to increase the wait time with --latency-wait.
Waiting at most 5 seconds for missing files.
MissingOutputException in line 41 of /home/abd/Desktop/Work/Snakemake/bsm-search-snakemake/Snakefile:
Missing files after 5 seconds:
/home/abd/Desktop/Work/Snakemake/bsm-search-snakemake/data/bsm-search/mc1_2.json
This might be due to filesystem latency. If that is the case, consider to increase the wait time with --latency-wait.
Waiting at most 5 seconds for missing files.
MissingOutputException in line 41 of /home/abd/Desktop/Work/Snakemake/bsm-search-snakemake/Snakefile:
Missing files after 5 seconds:
/home/abd/Desktop/Work/Snakemake/bsm-search-snakemake/data/bsm-search/mc1_0.json
This might be due to filesystem latency. If that is the case, consider to increase the wait time with --latency-wait.
Shutting down, this might take some time.
Exiting because a job execution failed. Look above for error message
Complete log: /home/abd/Desktop/Work/Snakemake/bsm-search-snakemake/.snakemake/log/2021-09-28T172450.681950.snakemake.log
