Building DAG of jobs...
Using shell: /usr/bin/bash
Provided cores: 4
Rules claiming more threads will be scaled down.
Job counts:
	count	jobs
	1	all
	8	generate
	2	merge_root
	2	scatter
	13

[Thu Sep 30 10:43:01 2021]
rule scatter:
    output: /home/abd/Desktop/Work/Snakemake/bsm-search-snakemake/data/bsm-search/mc2_jobs.json
    jobid: 2
    wildcards: base_dir=/home/abd/Desktop/Work/Snakemake/bsm-search-snakemake/data/bsm-search, option=mc2

[Thu Sep 30 10:43:01 2021]
rule scatter:
    output: /home/abd/Desktop/Work/Snakemake/bsm-search-snakemake/data/bsm-search/mc1_jobs.json
    jobid: 1
    wildcards: base_dir=/home/abd/Desktop/Work/Snakemake/bsm-search-snakemake/data/bsm-search, option=mc1

[Thu Sep 30 10:43:02 2021]
Finished job 1.
1 of 13 steps (8%) done
[Thu Sep 30 10:43:02 2021]
Finished job 2.
2 of 13 steps (15%) done

[Thu Sep 30 10:43:02 2021]
rule generate:
    input: /home/abd/Desktop/Work/Snakemake/bsm-search-snakemake/data/bsm-search/mc2_jobs.json
    output: /home/abd/Desktop/Work/Snakemake/bsm-search-snakemake/data/bsm-search/mc2_1.root
    jobid: 7
    wildcards: base_dir=/home/abd/Desktop/Work/Snakemake/bsm-search-snakemake/data/bsm-search, option=mc2, jobnumber=1


[Thu Sep 30 10:43:02 2021]
rule generate:
    input: /home/abd/Desktop/Work/Snakemake/bsm-search-snakemake/data/bsm-search/mc1_jobs.json
    output: /home/abd/Desktop/Work/Snakemake/bsm-search-snakemake/data/bsm-search/mc1_4.root
    jobid: 6
    wildcards: base_dir=/home/abd/Desktop/Work/Snakemake/bsm-search-snakemake/data/bsm-search, option=mc1, jobnumber=4


[Thu Sep 30 10:43:02 2021]
rule generate:
    input: /home/abd/Desktop/Work/Snakemake/bsm-search-snakemake/data/bsm-search/mc1_jobs.json
    output: /home/abd/Desktop/Work/Snakemake/bsm-search-snakemake/data/bsm-search/mc1_3.root
    jobid: 5
    wildcards: base_dir=/home/abd/Desktop/Work/Snakemake/bsm-search-snakemake/data/bsm-search, option=mc1, jobnumber=3


[Thu Sep 30 10:43:02 2021]
rule generate:
    input: /home/abd/Desktop/Work/Snakemake/bsm-search-snakemake/data/bsm-search/mc2_jobs.json
    output: /home/abd/Desktop/Work/Snakemake/bsm-search-snakemake/data/bsm-search/mc2_2.root
    jobid: 8
    wildcards: base_dir=/home/abd/Desktop/Work/Snakemake/bsm-search-snakemake/data/bsm-search, option=mc2, jobnumber=2

[Thu Sep 30 10:43:04 2021]
Finished job 5.
3 of 13 steps (23%) done

[Thu Sep 30 10:43:04 2021]
rule generate:
    input: /home/abd/Desktop/Work/Snakemake/bsm-search-snakemake/data/bsm-search/mc1_jobs.json
    output: /home/abd/Desktop/Work/Snakemake/bsm-search-snakemake/data/bsm-search/mc1_2.root
    jobid: 4
    wildcards: base_dir=/home/abd/Desktop/Work/Snakemake/bsm-search-snakemake/data/bsm-search, option=mc1, jobnumber=2

[Thu Sep 30 10:43:04 2021]
Finished job 6.
4 of 13 steps (31%) done

[Thu Sep 30 10:43:04 2021]
rule generate:
    input: /home/abd/Desktop/Work/Snakemake/bsm-search-snakemake/data/bsm-search/mc2_jobs.json
    output: /home/abd/Desktop/Work/Snakemake/bsm-search-snakemake/data/bsm-search/mc2_3.root
    jobid: 9
    wildcards: base_dir=/home/abd/Desktop/Work/Snakemake/bsm-search-snakemake/data/bsm-search, option=mc2, jobnumber=3

[Thu Sep 30 10:43:04 2021]
Finished job 7.
5 of 13 steps (38%) done

[Thu Sep 30 10:43:04 2021]
rule generate:
    input: /home/abd/Desktop/Work/Snakemake/bsm-search-snakemake/data/bsm-search/mc2_jobs.json
    output: /home/abd/Desktop/Work/Snakemake/bsm-search-snakemake/data/bsm-search/mc2_4.root
    jobid: 10
    wildcards: base_dir=/home/abd/Desktop/Work/Snakemake/bsm-search-snakemake/data/bsm-search, option=mc2, jobnumber=4

[Thu Sep 30 10:43:04 2021]
Finished job 8.
6 of 13 steps (46%) done

[Thu Sep 30 10:43:04 2021]
rule generate:
    input: /home/abd/Desktop/Work/Snakemake/bsm-search-snakemake/data/bsm-search/mc1_jobs.json
    output: /home/abd/Desktop/Work/Snakemake/bsm-search-snakemake/data/bsm-search/mc1_1.root
    jobid: 3
    wildcards: base_dir=/home/abd/Desktop/Work/Snakemake/bsm-search-snakemake/data/bsm-search, option=mc1, jobnumber=1

[Thu Sep 30 10:43:06 2021]
Finished job 4.
7 of 13 steps (54%) done
[Thu Sep 30 10:43:06 2021]
Finished job 10.
8 of 13 steps (62%) done
[Thu Sep 30 10:43:07 2021]
Finished job 9.
9 of 13 steps (69%) done

[Thu Sep 30 10:43:07 2021]
rule merge_root:
    input: /home/abd/Desktop/Work/Snakemake/bsm-search-snakemake/data/bsm-search/mc2_1.root, /home/abd/Desktop/Work/Snakemake/bsm-search-snakemake/data/bsm-search/mc2_2.root, /home/abd/Desktop/Work/Snakemake/bsm-search-snakemake/data/bsm-search/mc2_3.root, /home/abd/Desktop/Work/Snakemake/bsm-search-snakemake/data/bsm-search/mc2_4.root
    output: /home/abd/Desktop/Work/Snakemake/bsm-search-snakemake/data/bsm-search/mc2.root
    jobid: 12
    wildcards: base_dir=/home/abd/Desktop/Work/Snakemake/bsm-search-snakemake/data/bsm-search, option=mc2

[Thu Sep 30 10:43:07 2021]
Finished job 3.
10 of 13 steps (77%) done

[Thu Sep 30 10:43:07 2021]
rule merge_root:
    input: /home/abd/Desktop/Work/Snakemake/bsm-search-snakemake/data/bsm-search/mc1_1.root, /home/abd/Desktop/Work/Snakemake/bsm-search-snakemake/data/bsm-search/mc1_2.root, /home/abd/Desktop/Work/Snakemake/bsm-search-snakemake/data/bsm-search/mc1_3.root, /home/abd/Desktop/Work/Snakemake/bsm-search-snakemake/data/bsm-search/mc1_4.root
    output: /home/abd/Desktop/Work/Snakemake/bsm-search-snakemake/data/bsm-search/mc1.root
    jobid: 11
    wildcards: base_dir=/home/abd/Desktop/Work/Snakemake/bsm-search-snakemake/data/bsm-search, option=mc1

[Thu Sep 30 10:43:07 2021]
Finished job 11.
11 of 13 steps (85%) done
[Thu Sep 30 10:43:07 2021]
Finished job 12.
12 of 13 steps (92%) done

[Thu Sep 30 10:43:07 2021]
localrule all:
    input: /home/abd/Desktop/Work/Snakemake/bsm-search-snakemake/data/bsm-search/mc1_jobs.json, /home/abd/Desktop/Work/Snakemake/bsm-search-snakemake/data/bsm-search/mc2_jobs.json, /home/abd/Desktop/Work/Snakemake/bsm-search-snakemake/data/bsm-search/mc1_1.root, /home/abd/Desktop/Work/Snakemake/bsm-search-snakemake/data/bsm-search/mc1_2.root, /home/abd/Desktop/Work/Snakemake/bsm-search-snakemake/data/bsm-search/mc1_3.root, /home/abd/Desktop/Work/Snakemake/bsm-search-snakemake/data/bsm-search/mc1_4.root, /home/abd/Desktop/Work/Snakemake/bsm-search-snakemake/data/bsm-search/mc2_1.root, /home/abd/Desktop/Work/Snakemake/bsm-search-snakemake/data/bsm-search/mc2_2.root, /home/abd/Desktop/Work/Snakemake/bsm-search-snakemake/data/bsm-search/mc2_3.root, /home/abd/Desktop/Work/Snakemake/bsm-search-snakemake/data/bsm-search/mc2_4.root, /home/abd/Desktop/Work/Snakemake/bsm-search-snakemake/data/bsm-search/mc1.root, /home/abd/Desktop/Work/Snakemake/bsm-search-snakemake/data/bsm-search/mc2.root
    jobid: 0

[Thu Sep 30 10:43:07 2021]
Finished job 0.
13 of 13 steps (100%) done
Complete log: /home/abd/Desktop/Work/Snakemake/bsm-search-snakemake/.snakemake/log/2021-09-30T104301.934005.snakemake.log
