Building DAG of jobs...
Using shell: /usr/bin/bash
Provided cores: 4
Rules claiming more threads will be scaled down.
Job counts:
	count	jobs
	1	all
	2	generate
	3

[Tue Sep 28 16:48:18 2021]
rule generate:
    input: /home/abd/Desktop/Work/Snakemake/bsm-search-snakemake/data/bsm-search/mc1_jobs.json, /home/abd/Desktop/Work/Snakemake/bsm-search-snakemake/data/bsm-search/mc2_jobs.json
    output: /home/abd/Desktop/Work/Snakemake/bsm-search-snakemake/data/bsm-search/mc2_[0, 1, 2, 3].json
    jobid: 4
    wildcards: base_dir=/home/abd/Desktop/Work/Snakemake/bsm-search-snakemake/data/bsm-search, option=mc2, jobnumber=[0, 1, 2, 3]

InputFunctionException in line 40 of /home/abd/Desktop/Work/Snakemake/bsm-search-snakemake/Snakefile:
ValueError: invalid literal for int() with base 10: '[0, 1, 2, 3]'
Wildcards:
base_dir=/home/abd/Desktop/Work/Snakemake/bsm-search-snakemake/data/bsm-search
option=mc2
jobnumber=[0, 1, 2, 3]
